{"message":"Logging initialized at debug level","level":"debug"}
{"message":"Logging initialized at debug level","level":"debug"}
{"message":"Error 500Not found","level":"error"}
{"message":"Error 500connect ECONNREFUSED 127.0.0.1:3306","level":"error"}
{"message":"Logging initialized at debug level","level":"debug"}
{"message":"Logging initialized at debug level","level":"debug"}
{"message":"Logging initialized at debug level","level":"debug"}
{"message":"Logging initialized at debug level","level":"debug"}
{"message":"Error 500Error","level":"error"}
{"message":"Error 500Error","level":"error"}
{"message":"Logging initialized at debug level","level":"debug"}
{"message":"Logging initialized at debug level","level":"debug"}
{"message":"Error 500: Name: Error","level":"error"}
{"message":"Logging initialized at debug level","level":"debug"}
{"message":"Logging initialized at debug level","level":"debug"}
{"message":"Logging initialized at debug level","level":"debug"}
{"message":"Logging initialized at debug level","level":"debug"}
{"message":"Logging initialized at debug level","level":"debug"}
{"message":"Logging initialized at debug level","level":"debug"}
{"message":"Logging initialized at debug level","level":"debug"}
{"message":"Logging initialized at debug level","level":"debug"}
